{"/Users/danielferrari/Projects/testing-javascript-course/Section 07/testing-node-apps/src/index.js": {"path":"/Users/danielferrari/Projects/testing-javascript-course/Section 07/testing-node-apps/src/index.js","statementMap":{"0":{"start":{"line":4,"column":15},"end":{"line":4,"column":46}},"1":{"start":{"line":5,"column":17},"end":{"line":5,"column":68}},"2":{"start":{"line":7,"column":0},"end":{"line":7,"column":25}},"3":{"start":{"line":9,"column":0},"end":{"line":9,"column":13}}},"fnMap":{},"branchMap":{"0":{"loc":{"start":{"line":5,"column":17},"end":{"line":5,"column":68}},"type":"binary-expr","locations":[{"start":{"line":5,"column":17},"end":{"line":5,"column":38}},{"start":{"line":5,"column":43},"end":{"line":5,"column":67}}],"line":5},"1":{"loc":{"start":{"line":5,"column":43},"end":{"line":5,"column":67}},"type":"cond-expr","locations":[{"start":{"line":5,"column":52},"end":{"line":5,"column":58}},{"start":{"line":5,"column":61},"end":{"line":5,"column":67}}],"line":5}},"s":{"0":0,"1":0,"2":0,"3":0},"f":{},"b":{"0":[0,0],"1":[0,0]}}
,"/Users/danielferrari/Projects/testing-javascript-course/Section 07/testing-node-apps/src/start.js": {"path":"/Users/danielferrari/Projects/testing-javascript-course/Section 07/testing-node-apps/src/start.js","statementMap":{"0":{"start":{"line":12,"column":14},"end":{"line":12,"column":23}},"1":{"start":{"line":13,"column":2},"end":{"line":13,"column":17}},"2":{"start":{"line":14,"column":2},"end":{"line":14,"column":28}},"3":{"start":{"line":15,"column":2},"end":{"line":15,"column":32}},"4":{"start":{"line":16,"column":2},"end":{"line":16,"column":34}},"5":{"start":{"line":18,"column":17},"end":{"line":18,"column":28}},"6":{"start":{"line":19,"column":2},"end":{"line":19,"column":25}},"7":{"start":{"line":20,"column":2},"end":{"line":20,"column":26}},"8":{"start":{"line":22,"column":2},"end":{"line":33,"column":4}},"9":{"start":{"line":23,"column":19},"end":{"line":32,"column":6}},"10":{"start":{"line":24,"column":6},"end":{"line":24,"column":63}},"11":{"start":{"line":25,"column":28},"end":{"line":25,"column":53}},"12":{"start":{"line":26,"column":6},"end":{"line":30,"column":7}},"13":{"start":{"line":27,"column":8},"end":{"line":29,"column":10}},"14":{"start":{"line":28,"column":10},"end":{"line":28,"column":37}},"15":{"start":{"line":31,"column":6},"end":{"line":31,"column":21}}},"fnMap":{"0":{"name":"startServer","decl":{"start":{"line":11,"column":9},"end":{"line":11,"column":20}},"loc":{"start":{"line":11,"column":53},"end":{"line":34,"column":1}},"line":11},"1":{"name":"(anonymous_1)","decl":{"start":{"line":22,"column":21},"end":{"line":22,"column":22}},"loc":{"start":{"line":22,"column":32},"end":{"line":33,"column":3}},"line":22},"2":{"name":"(anonymous_2)","decl":{"start":{"line":23,"column":36},"end":{"line":23,"column":37}},"loc":{"start":{"line":23,"column":42},"end":{"line":32,"column":5}},"line":23},"3":{"name":"(anonymous_3)","decl":{"start":{"line":26,"column":21},"end":{"line":26,"column":22}},"loc":{"start":{"line":26,"column":27},"end":{"line":30,"column":7}},"line":26},"4":{"name":"(anonymous_4)","decl":{"start":{"line":27,"column":27},"end":{"line":27,"column":28}},"loc":{"start":{"line":27,"column":43},"end":{"line":29,"column":9}},"line":27}},"branchMap":{"0":{"loc":{"start":{"line":11,"column":21},"end":{"line":11,"column":51}},"type":"default-arg","locations":[{"start":{"line":11,"column":49},"end":{"line":11,"column":51}}],"line":11},"1":{"loc":{"start":{"line":11,"column":22},"end":{"line":11,"column":45}},"type":"default-arg","locations":[{"start":{"line":11,"column":29},"end":{"line":11,"column":45}}],"line":11}},"s":{"0":7,"1":7,"2":7,"3":7,"4":7,"5":7,"6":7,"7":7,"8":7,"9":7,"10":7,"11":7,"12":7,"13":7,"14":7,"15":7},"f":{"0":7,"1":7,"2":7,"3":7,"4":7},"b":{"0":[5],"1":[5]},"_coverageSchema":"1a1c01bbd47fc00a2c39e90264f33305004495a9","hash":"4a3e6f81b6c21f972eb4208bee221ed29f9f8337"}
,"/Users/danielferrari/Projects/testing-javascript-course/Section 07/testing-node-apps/src/db/books.js": {"path":"/Users/danielferrari/Projects/testing-javascript-course/Section 07/testing-node-apps/src/db/books.js","statementMap":{"0":{"start":{"line":3,"column":12},"end":{"line":3,"column":14}},"1":{"start":{"line":6,"column":2},"end":{"line":6,"column":34}},"2":{"start":{"line":10,"column":2},"end":{"line":10,"column":28}},"3":{"start":{"line":14,"column":2},"end":{"line":14,"column":49}},"4":{"start":{"line":14,"column":30},"end":{"line":14,"column":48}},"5":{"start":{"line":18,"column":2},"end":{"line":18,"column":34}},"6":{"start":{"line":22,"column":2},"end":{"line":22,"column":26}},"7":{"start":{"line":26,"column":2},"end":{"line":26,"column":12}}},"fnMap":{"0":{"name":"query","decl":{"start":{"line":5,"column":15},"end":{"line":5,"column":20}},"loc":{"start":{"line":5,"column":31},"end":{"line":7,"column":1}},"line":5},"1":{"name":"readById","decl":{"start":{"line":9,"column":15},"end":{"line":9,"column":23}},"loc":{"start":{"line":9,"column":28},"end":{"line":11,"column":1}},"line":9},"2":{"name":"readManyById","decl":{"start":{"line":13,"column":15},"end":{"line":13,"column":27}},"loc":{"start":{"line":13,"column":33},"end":{"line":15,"column":1}},"line":13},"3":{"name":"(anonymous_3)","decl":{"start":{"line":14,"column":25},"end":{"line":14,"column":26}},"loc":{"start":{"line":14,"column":30},"end":{"line":14,"column":48}},"line":14},"4":{"name":"insertMany","decl":{"start":{"line":17,"column":15},"end":{"line":17,"column":25}},"loc":{"start":{"line":17,"column":37},"end":{"line":19,"column":1}},"line":17},"5":{"name":"insert","decl":{"start":{"line":21,"column":15},"end":{"line":21,"column":21}},"loc":{"start":{"line":21,"column":28},"end":{"line":23,"column":1}},"line":21},"6":{"name":"drop","decl":{"start":{"line":25,"column":15},"end":{"line":25,"column":19}},"loc":{"start":{"line":25,"column":22},"end":{"line":27,"column":1}},"line":25}},"branchMap":{},"s":{"0":10,"1":0,"2":6,"3":0,"4":0,"5":0,"6":2,"7":15},"f":{"0":0,"1":6,"2":0,"3":0,"4":0,"5":2,"6":15},"b":{},"_coverageSchema":"1a1c01bbd47fc00a2c39e90264f33305004495a9","hash":"dbe9a9371dacc47957d4c9c5cd41727444acd6d7"}
,"/Users/danielferrari/Projects/testing-javascript-course/Section 07/testing-node-apps/src/db/list-items.js": {"path":"/Users/danielferrari/Projects/testing-javascript-course/Section 07/testing-node-apps/src/db/list-items.js","statementMap":{"0":{"start":{"line":4,"column":16},"end":{"line":4,"column":18}},"1":{"start":{"line":7,"column":2},"end":{"line":7,"column":38}},"2":{"start":{"line":11,"column":28},"end":{"line":11,"column":40}},"3":{"start":{"line":12,"column":2},"end":{"line":14,"column":3}},"4":{"start":{"line":13,"column":4},"end":{"line":13,"column":55}},"5":{"start":{"line":15,"column":2},"end":{"line":17,"column":3}},"6":{"start":{"line":16,"column":4},"end":{"line":16,"column":57}},"7":{"start":{"line":19,"column":22},"end":{"line":26,"column":3}},"8":{"start":{"line":27,"column":2},"end":{"line":27,"column":41}},"9":{"start":{"line":28,"column":2},"end":{"line":28,"column":20}},"10":{"start":{"line":32,"column":2},"end":{"line":32,"column":32}},"11":{"start":{"line":36,"column":19},"end":{"line":36,"column":45}},"12":{"start":{"line":37,"column":2},"end":{"line":39,"column":3}},"13":{"start":{"line":38,"column":4},"end":{"line":38,"column":15}},"14":{"start":{"line":40,"column":26},"end":{"line":43,"column":3}},"15":{"start":{"line":44,"column":2},"end":{"line":44,"column":58}},"16":{"start":{"line":45,"column":2},"end":{"line":45,"column":24}},"17":{"start":{"line":49,"column":2},"end":{"line":49,"column":50}},"18":{"start":{"line":49,"column":37},"end":{"line":49,"column":49}},"19":{"start":{"line":53,"column":2},"end":{"line":53,"column":46}},"20":{"start":{"line":57,"column":2},"end":{"line":57,"column":16}}},"fnMap":{"0":{"name":"query","decl":{"start":{"line":6,"column":15},"end":{"line":6,"column":20}},"loc":{"start":{"line":6,"column":31},"end":{"line":8,"column":1}},"line":6},"1":{"name":"create","decl":{"start":{"line":10,"column":15},"end":{"line":10,"column":21}},"loc":{"start":{"line":10,"column":36},"end":{"line":29,"column":1}},"line":10},"2":{"name":"readById","decl":{"start":{"line":31,"column":15},"end":{"line":31,"column":23}},"loc":{"start":{"line":31,"column":28},"end":{"line":33,"column":1}},"line":31},"3":{"name":"update","decl":{"start":{"line":35,"column":15},"end":{"line":35,"column":21}},"loc":{"start":{"line":35,"column":43},"end":{"line":46,"column":1}},"line":35},"4":{"name":"remove","decl":{"start":{"line":48,"column":15},"end":{"line":48,"column":21}},"loc":{"start":{"line":48,"column":26},"end":{"line":50,"column":1}},"line":48},"5":{"name":"(anonymous_5)","decl":{"start":{"line":49,"column":31},"end":{"line":49,"column":32}},"loc":{"start":{"line":49,"column":37},"end":{"line":49,"column":49}},"line":49},"6":{"name":"insertMany","decl":{"start":{"line":52,"column":15},"end":{"line":52,"column":25}},"loc":{"start":{"line":52,"column":41},"end":{"line":54,"column":1}},"line":52},"7":{"name":"drop","decl":{"start":{"line":56,"column":15},"end":{"line":56,"column":19}},"loc":{"start":{"line":56,"column":22},"end":{"line":58,"column":1}},"line":56}},"branchMap":{"0":{"loc":{"start":{"line":12,"column":2},"end":{"line":14,"column":3}},"type":"if","locations":[{"start":{"line":12,"column":2},"end":{"line":14,"column":3}},{"start":{"line":12,"column":2},"end":{"line":14,"column":3}}],"line":12},"1":{"loc":{"start":{"line":15,"column":2},"end":{"line":17,"column":3}},"type":"if","locations":[{"start":{"line":15,"column":2},"end":{"line":17,"column":3}},{"start":{"line":15,"column":2},"end":{"line":17,"column":3}}],"line":15},"2":{"loc":{"start":{"line":37,"column":2},"end":{"line":39,"column":3}},"type":"if","locations":[{"start":{"line":37,"column":2},"end":{"line":39,"column":3}},{"start":{"line":37,"column":2},"end":{"line":39,"column":3}}],"line":37}},"s":{"0":10,"1":2,"2":2,"3":2,"4":0,"5":2,"6":0,"7":2,"8":2,"9":2,"10":10,"11":2,"12":2,"13":0,"14":2,"15":2,"16":2,"17":2,"18":2,"19":0,"20":15},"f":{"0":2,"1":2,"2":10,"3":2,"4":2,"5":2,"6":0,"7":15},"b":{"0":[0,2],"1":[0,2],"2":[0,2]},"_coverageSchema":"1a1c01bbd47fc00a2c39e90264f33305004495a9","hash":"3ee8f9f2ac428de91101b295fa9a3dbb3b559be9"}
,"/Users/danielferrari/Projects/testing-javascript-course/Section 07/testing-node-apps/src/db/users.js": {"path":"/Users/danielferrari/Projects/testing-javascript-course/Section 07/testing-node-apps/src/db/users.js","statementMap":{"0":{"start":{"line":4,"column":12},"end":{"line":4,"column":14}},"1":{"start":{"line":7,"column":2},"end":{"line":7,"column":34}},"2":{"start":{"line":11,"column":2},"end":{"line":11,"column":23}},"3":{"start":{"line":15,"column":2},"end":{"line":15,"column":37}},"4":{"start":{"line":19,"column":2},"end":{"line":19,"column":34}},"5":{"start":{"line":23,"column":18},"end":{"line":23,"column":47}},"6":{"start":{"line":24,"column":2},"end":{"line":24,"column":29}},"7":{"start":{"line":25,"column":2},"end":{"line":25,"column":16}},"8":{"start":{"line":29,"column":2},"end":{"line":29,"column":12}}},"fnMap":{"0":{"name":"query","decl":{"start":{"line":6,"column":15},"end":{"line":6,"column":20}},"loc":{"start":{"line":6,"column":31},"end":{"line":8,"column":1}},"line":6},"1":{"name":"readById","decl":{"start":{"line":10,"column":15},"end":{"line":10,"column":23}},"loc":{"start":{"line":10,"column":28},"end":{"line":12,"column":1}},"line":10},"2":{"name":"readByUsername","decl":{"start":{"line":14,"column":15},"end":{"line":14,"column":29}},"loc":{"start":{"line":14,"column":40},"end":{"line":16,"column":1}},"line":14},"3":{"name":"insertMany","decl":{"start":{"line":18,"column":15},"end":{"line":18,"column":25}},"loc":{"start":{"line":18,"column":37},"end":{"line":20,"column":1}},"line":18},"4":{"name":"insert","decl":{"start":{"line":22,"column":15},"end":{"line":22,"column":21}},"loc":{"start":{"line":22,"column":28},"end":{"line":26,"column":1}},"line":22},"5":{"name":"drop","decl":{"start":{"line":28,"column":15},"end":{"line":28,"column":19}},"loc":{"start":{"line":28,"column":22},"end":{"line":30,"column":1}},"line":28}},"branchMap":{},"s":{"0":15,"1":13,"2":0,"3":13,"4":0,"5":9,"6":9,"7":9,"8":15},"f":{"0":13,"1":0,"2":13,"3":0,"4":9,"5":15},"b":{},"_coverageSchema":"1a1c01bbd47fc00a2c39e90264f33305004495a9","hash":"2e16f099e040866889220ddaa512eda805d588aa"}
,"/Users/danielferrari/Projects/testing-javascript-course/Section 07/testing-node-apps/src/db/utils.js": {"path":"/Users/danielferrari/Projects/testing-javascript-course/Section 07/testing-node-apps/src/db/utils.js","statementMap":{"0":{"start":{"line":3,"column":28},"end":{"line":3,"column":53}},"1":{"start":{"line":3,"column":34},"end":{"line":3,"column":53}}},"fnMap":{"0":{"name":"(anonymous_0)","decl":{"start":{"line":3,"column":28},"end":{"line":3,"column":29}},"loc":{"start":{"line":3,"column":34},"end":{"line":3,"column":53}},"line":3}},"branchMap":{},"s":{"0":16,"1":11},"f":{"0":11},"b":{},"_coverageSchema":"1a1c01bbd47fc00a2c39e90264f33305004495a9","hash":"58d557dfe868af64195f2193f7d8b6999358dcb9"}
,"/Users/danielferrari/Projects/testing-javascript-course/Section 07/testing-node-apps/src/routes/auth-controller.js": {"path":"/Users/danielferrari/Projects/testing-javascript-course/Section 07/testing-node-apps/src/routes/auth-controller.js","statementMap":{"0":{"start":{"line":10,"column":23},"end":{"line":13,"column":2}},"1":{"start":{"line":10,"column":32},"end":{"line":13,"column":1}},"2":{"start":{"line":16,"column":31},"end":{"line":16,"column":39}},"3":{"start":{"line":17,"column":2},"end":{"line":19,"column":3}},"4":{"start":{"line":18,"column":4},"end":{"line":18,"column":69}},"5":{"start":{"line":21,"column":2},"end":{"line":23,"column":3}},"6":{"start":{"line":22,"column":4},"end":{"line":22,"column":69}},"7":{"start":{"line":24,"column":2},"end":{"line":26,"column":3}},"8":{"start":{"line":25,"column":4},"end":{"line":25,"column":75}},"9":{"start":{"line":27,"column":23},"end":{"line":27,"column":61}},"10":{"start":{"line":28,"column":2},"end":{"line":30,"column":3}},"11":{"start":{"line":29,"column":4},"end":{"line":29,"column":60}},"12":{"start":{"line":31,"column":18},"end":{"line":34,"column":4}},"13":{"start":{"line":35,"column":2},"end":{"line":35,"column":50}},"14":{"start":{"line":39,"column":2},"end":{"line":41,"column":3}},"15":{"start":{"line":40,"column":4},"end":{"line":40,"column":69}},"16":{"start":{"line":43,"column":2},"end":{"line":45,"column":3}},"17":{"start":{"line":44,"column":4},"end":{"line":44,"column":69}},"18":{"start":{"line":47,"column":23},"end":{"line":47,"column":57}},"19":{"start":{"line":49,"column":2},"end":{"line":53,"column":3}},"20":{"start":{"line":50,"column":4},"end":{"line":50,"column":49}},"21":{"start":{"line":52,"column":4},"end":{"line":52,"column":37}},"22":{"start":{"line":57,"column":2},"end":{"line":65,"column":4}},"23":{"start":{"line":58,"column":4},"end":{"line":64,"column":22}},"24":{"start":{"line":59,"column":6},"end":{"line":63,"column":7}},"25":{"start":{"line":60,"column":8},"end":{"line":60,"column":19}},"26":{"start":{"line":62,"column":8},"end":{"line":62,"column":29}},"27":{"start":{"line":69,"column":2},"end":{"line":73,"column":3}},"28":{"start":{"line":70,"column":4},"end":{"line":70,"column":53}},"29":{"start":{"line":72,"column":4},"end":{"line":72,"column":33}}},"fnMap":{"0":{"name":"(anonymous_0)","decl":{"start":{"line":10,"column":23},"end":{"line":10,"column":24}},"loc":{"start":{"line":10,"column":32},"end":{"line":13,"column":1}},"line":10},"1":{"name":"register","decl":{"start":{"line":15,"column":15},"end":{"line":15,"column":23}},"loc":{"start":{"line":15,"column":34},"end":{"line":36,"column":1}},"line":15},"2":{"name":"login","decl":{"start":{"line":38,"column":15},"end":{"line":38,"column":20}},"loc":{"start":{"line":38,"column":37},"end":{"line":54,"column":1}},"line":38},"3":{"name":"authenticate","decl":{"start":{"line":56,"column":9},"end":{"line":56,"column":21}},"loc":{"start":{"line":56,"column":38},"end":{"line":66,"column":1}},"line":56},"4":{"name":"(anonymous_4)","decl":{"start":{"line":57,"column":21},"end":{"line":57,"column":22}},"loc":{"start":{"line":57,"column":42},"end":{"line":65,"column":3}},"line":57},"5":{"name":"(anonymous_5)","decl":{"start":{"line":58,"column":53},"end":{"line":58,"column":54}},"loc":{"start":{"line":58,"column":74},"end":{"line":64,"column":5}},"line":58},"6":{"name":"me","decl":{"start":{"line":68,"column":9},"end":{"line":68,"column":11}},"loc":{"start":{"line":68,"column":22},"end":{"line":74,"column":1}},"line":68}},"branchMap":{"0":{"loc":{"start":{"line":17,"column":2},"end":{"line":19,"column":3}},"type":"if","locations":[{"start":{"line":17,"column":2},"end":{"line":19,"column":3}},{"start":{"line":17,"column":2},"end":{"line":19,"column":3}}],"line":17},"1":{"loc":{"start":{"line":21,"column":2},"end":{"line":23,"column":3}},"type":"if","locations":[{"start":{"line":21,"column":2},"end":{"line":23,"column":3}},{"start":{"line":21,"column":2},"end":{"line":23,"column":3}}],"line":21},"2":{"loc":{"start":{"line":24,"column":2},"end":{"line":26,"column":3}},"type":"if","locations":[{"start":{"line":24,"column":2},"end":{"line":26,"column":3}},{"start":{"line":24,"column":2},"end":{"line":26,"column":3}}],"line":24},"3":{"loc":{"start":{"line":28,"column":2},"end":{"line":30,"column":3}},"type":"if","locations":[{"start":{"line":28,"column":2},"end":{"line":30,"column":3}},{"start":{"line":28,"column":2},"end":{"line":30,"column":3}}],"line":28},"4":{"loc":{"start":{"line":39,"column":2},"end":{"line":41,"column":3}},"type":"if","locations":[{"start":{"line":39,"column":2},"end":{"line":41,"column":3}},{"start":{"line":39,"column":2},"end":{"line":41,"column":3}}],"line":39},"5":{"loc":{"start":{"line":43,"column":2},"end":{"line":45,"column":3}},"type":"if","locations":[{"start":{"line":43,"column":2},"end":{"line":45,"column":3}},{"start":{"line":43,"column":2},"end":{"line":45,"column":3}}],"line":43},"6":{"loc":{"start":{"line":49,"column":2},"end":{"line":53,"column":3}},"type":"if","locations":[{"start":{"line":49,"column":2},"end":{"line":53,"column":3}},{"start":{"line":49,"column":2},"end":{"line":53,"column":3}}],"line":49},"7":{"loc":{"start":{"line":59,"column":6},"end":{"line":63,"column":7}},"type":"if","locations":[{"start":{"line":59,"column":6},"end":{"line":63,"column":7}},{"start":{"line":59,"column":6},"end":{"line":63,"column":7}}],"line":59},"8":{"loc":{"start":{"line":69,"column":2},"end":{"line":73,"column":3}},"type":"if","locations":[{"start":{"line":69,"column":2},"end":{"line":73,"column":3}},{"start":{"line":69,"column":2},"end":{"line":73,"column":3}}],"line":69}},"s":{"0":7,"1":15,"2":9,"3":9,"4":1,"5":8,"6":1,"7":7,"8":0,"9":7,"10":7,"11":2,"12":5,"13":5,"14":8,"15":1,"16":7,"17":1,"18":6,"19":6,"20":5,"21":1,"22":6,"23":6,"24":6,"25":0,"26":6,"27":5,"28":5,"29":0},"f":{"0":15,"1":9,"2":8,"3":6,"4":6,"5":6,"6":5},"b":{"0":[1,8],"1":[1,7],"2":[0,7],"3":[2,5],"4":[1,7],"5":[1,6],"6":[5,1],"7":[0,6],"8":[5,0]},"_coverageSchema":"1a1c01bbd47fc00a2c39e90264f33305004495a9","hash":"03575cf89e460ef3697b8c89e6e621fecf4e47a7"}
,"/Users/danielferrari/Projects/testing-javascript-course/Section 07/testing-node-apps/src/routes/auth.js": {"path":"/Users/danielferrari/Projects/testing-javascript-course/Section 07/testing-node-apps/src/routes/auth.js","statementMap":{"0":{"start":{"line":6,"column":17},"end":{"line":6,"column":33}},"1":{"start":{"line":8,"column":2},"end":{"line":8,"column":51}},"2":{"start":{"line":9,"column":2},"end":{"line":9,"column":45}},"3":{"start":{"line":10,"column":2},"end":{"line":10,"column":54}},"4":{"start":{"line":12,"column":2},"end":{"line":12,"column":15}}},"fnMap":{"0":{"name":"getAuthRoutes","decl":{"start":{"line":5,"column":9},"end":{"line":5,"column":22}},"loc":{"start":{"line":5,"column":25},"end":{"line":13,"column":1}},"line":5}},"branchMap":{},"s":{"0":7,"1":7,"2":7,"3":7,"4":7},"f":{"0":7},"b":{},"_coverageSchema":"1a1c01bbd47fc00a2c39e90264f33305004495a9","hash":"9aa13634df06fdc6eea61006ff84a232c6b74c1f"}
,"/Users/danielferrari/Projects/testing-javascript-course/Section 07/testing-node-apps/src/routes/index.js": {"path":"/Users/danielferrari/Projects/testing-javascript-course/Section 07/testing-node-apps/src/routes/index.js","statementMap":{"0":{"start":{"line":6,"column":17},"end":{"line":6,"column":33}},"1":{"start":{"line":7,"column":2},"end":{"line":7,"column":38}},"2":{"start":{"line":8,"column":2},"end":{"line":8,"column":49}},"3":{"start":{"line":9,"column":2},"end":{"line":9,"column":15}}},"fnMap":{"0":{"name":"getRouter","decl":{"start":{"line":5,"column":9},"end":{"line":5,"column":18}},"loc":{"start":{"line":5,"column":21},"end":{"line":10,"column":1}},"line":5}},"branchMap":{},"s":{"0":7,"1":7,"2":7,"3":7},"f":{"0":7},"b":{},"_coverageSchema":"1a1c01bbd47fc00a2c39e90264f33305004495a9","hash":"58378a6ef31ffdd894483b82e5715955680346fc"}
,"/Users/danielferrari/Projects/testing-javascript-course/Section 07/testing-node-apps/src/routes/list-items-controller.js": {"path":"/Users/danielferrari/Projects/testing-javascript-course/Section 07/testing-node-apps/src/routes/list-items-controller.js","statementMap":{"0":{"start":{"line":5,"column":15},"end":{"line":5,"column":25}},"1":{"start":{"line":6,"column":19},"end":{"line":6,"column":49}},"2":{"start":{"line":7,"column":2},"end":{"line":12,"column":3}},"3":{"start":{"line":8,"column":4},"end":{"line":10,"column":69}},"4":{"start":{"line":11,"column":4},"end":{"line":11,"column":10}},"5":{"start":{"line":13,"column":2},"end":{"line":20,"column":3}},"6":{"start":{"line":14,"column":4},"end":{"line":14,"column":27}},"7":{"start":{"line":15,"column":4},"end":{"line":15,"column":10}},"8":{"start":{"line":17,"column":4},"end":{"line":19,"column":6}},"9":{"start":{"line":24,"column":20},"end":{"line":24,"column":67}},"10":{"start":{"line":25,"column":2},"end":{"line":25,"column":64}},"11":{"start":{"line":29,"column":2},"end":{"line":29,"column":58}},"12":{"start":{"line":35,"column":6},"end":{"line":35,"column":9}},"13":{"start":{"line":36,"column":19},"end":{"line":36,"column":27}},"14":{"start":{"line":37,"column":2},"end":{"line":40,"column":3}},"15":{"start":{"line":38,"column":4},"end":{"line":38,"column":57}},"16":{"start":{"line":39,"column":4},"end":{"line":39,"column":10}},"17":{"start":{"line":41,"column":29},"end":{"line":41,"column":71}},"18":{"start":{"line":42,"column":2},"end":{"line":47,"column":3}},"19":{"start":{"line":43,"column":4},"end":{"line":45,"column":6}},"20":{"start":{"line":46,"column":4},"end":{"line":46,"column":10}},"21":{"start":{"line":49,"column":19},"end":{"line":49,"column":62}},"22":{"start":{"line":50,"column":2},"end":{"line":50,"column":54}},"23":{"start":{"line":54,"column":26},"end":{"line":54,"column":77}},"24":{"start":{"line":55,"column":2},"end":{"line":55,"column":61}},"25":{"start":{"line":59,"column":2},"end":{"line":59,"column":43}},"26":{"start":{"line":60,"column":2},"end":{"line":60,"column":27}},"27":{"start":{"line":64,"column":15},"end":{"line":64,"column":54}},"28":{"start":{"line":65,"column":2},"end":{"line":65,"column":28}},"29":{"start":{"line":69,"column":16},"end":{"line":69,"column":74}},"30":{"start":{"line":69,"column":63},"end":{"line":69,"column":72}},"31":{"start":{"line":70,"column":2},"end":{"line":73,"column":5}},"32":{"start":{"line":70,"column":36},"end":{"line":73,"column":3}},"33":{"start":{"line":72,"column":29},"end":{"line":72,"column":56}}},"fnMap":{"0":{"name":"setListItem","decl":{"start":{"line":4,"column":15},"end":{"line":4,"column":26}},"loc":{"start":{"line":4,"column":43},"end":{"line":21,"column":1}},"line":4},"1":{"name":"getListItems","decl":{"start":{"line":23,"column":15},"end":{"line":23,"column":27}},"loc":{"start":{"line":23,"column":38},"end":{"line":26,"column":1}},"line":23},"2":{"name":"getListItem","decl":{"start":{"line":28,"column":15},"end":{"line":28,"column":26}},"loc":{"start":{"line":28,"column":37},"end":{"line":30,"column":1}},"line":28},"3":{"name":"createListItem","decl":{"start":{"line":32,"column":15},"end":{"line":32,"column":29}},"loc":{"start":{"line":32,"column":40},"end":{"line":51,"column":1}},"line":32},"4":{"name":"updateListItem","decl":{"start":{"line":53,"column":15},"end":{"line":53,"column":29}},"loc":{"start":{"line":53,"column":40},"end":{"line":56,"column":1}},"line":53},"5":{"name":"deleteListItem","decl":{"start":{"line":58,"column":15},"end":{"line":58,"column":29}},"loc":{"start":{"line":58,"column":40},"end":{"line":61,"column":1}},"line":58},"6":{"name":"expandBookData","decl":{"start":{"line":63,"column":15},"end":{"line":63,"column":29}},"loc":{"start":{"line":63,"column":40},"end":{"line":66,"column":1}},"line":63},"7":{"name":"expandBookDataMultiple","decl":{"start":{"line":68,"column":15},"end":{"line":68,"column":37}},"loc":{"start":{"line":68,"column":49},"end":{"line":74,"column":1}},"line":68},"8":{"name":"(anonymous_8)","decl":{"start":{"line":69,"column":57},"end":{"line":69,"column":58}},"loc":{"start":{"line":69,"column":63},"end":{"line":69,"column":72}},"line":69},"9":{"name":"(anonymous_9)","decl":{"start":{"line":70,"column":23},"end":{"line":70,"column":24}},"loc":{"start":{"line":70,"column":36},"end":{"line":73,"column":3}},"line":70},"10":{"name":"(anonymous_10)","decl":{"start":{"line":72,"column":21},"end":{"line":72,"column":22}},"loc":{"start":{"line":72,"column":29},"end":{"line":72,"column":56}},"line":72}},"branchMap":{"0":{"loc":{"start":{"line":7,"column":2},"end":{"line":12,"column":3}},"type":"if","locations":[{"start":{"line":7,"column":2},"end":{"line":12,"column":3}},{"start":{"line":7,"column":2},"end":{"line":12,"column":3}}],"line":7},"1":{"loc":{"start":{"line":13,"column":2},"end":{"line":20,"column":3}},"type":"if","locations":[{"start":{"line":13,"column":2},"end":{"line":20,"column":3}},{"start":{"line":13,"column":2},"end":{"line":20,"column":3}}],"line":13},"2":{"loc":{"start":{"line":37,"column":2},"end":{"line":40,"column":3}},"type":"if","locations":[{"start":{"line":37,"column":2},"end":{"line":40,"column":3}},{"start":{"line":37,"column":2},"end":{"line":40,"column":3}}],"line":37},"3":{"loc":{"start":{"line":42,"column":2},"end":{"line":47,"column":3}},"type":"if","locations":[{"start":{"line":42,"column":2},"end":{"line":47,"column":3}},{"start":{"line":42,"column":2},"end":{"line":47,"column":3}}],"line":42}},"s":{"0":11,"1":11,"2":11,"3":3,"4":3,"5":8,"6":7,"7":7,"8":1,"9":1,"10":1,"11":5,"12":6,"13":6,"14":6,"15":2,"16":2,"17":4,"18":4,"19":1,"20":1,"21":3,"22":3,"23":3,"24":3,"25":3,"26":3,"27":11,"28":11,"29":1,"30":2,"31":1,"32":2,"33":3},"f":{"0":11,"1":1,"2":5,"3":6,"4":3,"5":3,"6":11,"7":1,"8":2,"9":2,"10":3},"b":{"0":[3,8],"1":[7,1],"2":[2,4],"3":[1,3]},"_coverageSchema":"1a1c01bbd47fc00a2c39e90264f33305004495a9","hash":"cab379a378a445d2a63928f78aea5f060a5e890c"}
,"/Users/danielferrari/Projects/testing-javascript-course/Section 07/testing-node-apps/src/routes/list-items.js": {"path":"/Users/danielferrari/Projects/testing-javascript-course/Section 07/testing-node-apps/src/routes/list-items.js","statementMap":{"0":{"start":{"line":6,"column":17},"end":{"line":6,"column":33}},"1":{"start":{"line":8,"column":2},"end":{"line":8,"column":67}},"2":{"start":{"line":10,"column":2},"end":{"line":15,"column":3}},"3":{"start":{"line":17,"column":2},"end":{"line":17,"column":70}},"4":{"start":{"line":19,"column":2},"end":{"line":24,"column":3}},"5":{"start":{"line":26,"column":2},"end":{"line":31,"column":3}},"6":{"start":{"line":33,"column":2},"end":{"line":33,"column":15}}},"fnMap":{"0":{"name":"getListItemsRoutes","decl":{"start":{"line":5,"column":9},"end":{"line":5,"column":27}},"loc":{"start":{"line":5,"column":30},"end":{"line":34,"column":1}},"line":5}},"branchMap":{},"s":{"0":7,"1":7,"2":7,"3":7,"4":7,"5":7,"6":7},"f":{"0":7},"b":{},"_coverageSchema":"1a1c01bbd47fc00a2c39e90264f33305004495a9","hash":"5f9245cc86b9063ecb134980f860352bf84a7c81"}
,"/Users/danielferrari/Projects/testing-javascript-course/Section 07/testing-node-apps/src/utils/auth.js": {"path":"/Users/danielferrari/Projects/testing-javascript-course/Section 07/testing-node-apps/src/utils/auth.js","statementMap":{"0":{"start":{"line":9,"column":15},"end":{"line":9,"column":23}},"1":{"start":{"line":12,"column":19},"end":{"line":12,"column":67}},"2":{"start":{"line":15,"column":27},"end":{"line":15,"column":44}},"3":{"start":{"line":18,"column":20},"end":{"line":18,"column":30}},"4":{"start":{"line":19,"column":12},"end":{"line":20,"column":66}},"5":{"start":{"line":20,"column":2},"end":{"line":20,"column":66}},"6":{"start":{"line":23,"column":15},"end":{"line":23,"column":53}},"7":{"start":{"line":24,"column":15},"end":{"line":26,"column":20}},"8":{"start":{"line":27,"column":2},"end":{"line":27,"column":21}},"9":{"start":{"line":31,"column":2},"end":{"line":34,"column":3}},"10":{"start":{"line":38,"column":19},"end":{"line":38,"column":43}},"11":{"start":{"line":39,"column":2},"end":{"line":47,"column":3}},"12":{"start":{"line":50,"column":23},"end":{"line":50,"column":66}},"13":{"start":{"line":53,"column":2},"end":{"line":66,"column":4}},"14":{"start":{"line":55,"column":4},"end":{"line":59,"column":5}},"15":{"start":{"line":56,"column":6},"end":{"line":56,"column":51}},"16":{"start":{"line":58,"column":6},"end":{"line":58,"column":24}},"17":{"start":{"line":60,"column":4},"end":{"line":64,"column":5}},"18":{"start":{"line":61,"column":6},"end":{"line":63,"column":8}},"19":{"start":{"line":65,"column":4},"end":{"line":65,"column":39}},"20":{"start":{"line":70,"column":2},"end":{"line":70,"column":51}},"21":{"start":{"line":74,"column":2},"end":{"line":84,"column":3}}},"fnMap":{"0":{"name":"(anonymous_0)","decl":{"start":{"line":19,"column":12},"end":{"line":19,"column":13}},"loc":{"start":{"line":20,"column":2},"end":{"line":20,"column":66}},"line":20},"1":{"name":"getSaltAndHash","decl":{"start":{"line":22,"column":9},"end":{"line":22,"column":23}},"loc":{"start":{"line":22,"column":34},"end":{"line":28,"column":1}},"line":22},"2":{"name":"isPasswordValid","decl":{"start":{"line":30,"column":9},"end":{"line":30,"column":24}},"loc":{"start":{"line":30,"column":49},"end":{"line":35,"column":1}},"line":30},"3":{"name":"getUserToken","decl":{"start":{"line":37,"column":9},"end":{"line":37,"column":21}},"loc":{"start":{"line":37,"column":38},"end":{"line":48,"column":1}},"line":37},"4":{"name":"getLocalStrategy","decl":{"start":{"line":52,"column":9},"end":{"line":52,"column":25}},"loc":{"start":{"line":52,"column":28},"end":{"line":67,"column":1}},"line":52},"5":{"name":"(anonymous_5)","decl":{"start":{"line":53,"column":27},"end":{"line":53,"column":28}},"loc":{"start":{"line":53,"column":63},"end":{"line":66,"column":3}},"line":53},"6":{"name":"userToJSON","decl":{"start":{"line":69,"column":9},"end":{"line":69,"column":19}},"loc":{"start":{"line":69,"column":26},"end":{"line":71,"column":1}},"line":69},"7":{"name":"isPasswordAllowed","decl":{"start":{"line":73,"column":9},"end":{"line":73,"column":26}},"loc":{"start":{"line":73,"column":37},"end":{"line":85,"column":1}},"line":73}},"branchMap":{"0":{"loc":{"start":{"line":12,"column":19},"end":{"line":12,"column":67}},"type":"cond-expr","locations":[{"start":{"line":12,"column":59},"end":{"line":12,"column":63}},{"start":{"line":12,"column":66},"end":{"line":12,"column":67}}],"line":12},"1":{"loc":{"start":{"line":20,"column":2},"end":{"line":20,"column":66}},"type":"cond-expr","locations":[{"start":{"line":20,"column":42},"end":{"line":20,"column":52}},{"start":{"line":20,"column":55},"end":{"line":20,"column":66}}],"line":20},"2":{"loc":{"start":{"line":60,"column":4},"end":{"line":64,"column":5}},"type":"if","locations":[{"start":{"line":60,"column":4},"end":{"line":64,"column":5}},{"start":{"line":60,"column":4},"end":{"line":64,"column":5}}],"line":60},"3":{"loc":{"start":{"line":60,"column":8},"end":{"line":60,"column":49}},"type":"binary-expr","locations":[{"start":{"line":60,"column":8},"end":{"line":60,"column":13}},{"start":{"line":60,"column":17},"end":{"line":60,"column":49}}],"line":60},"4":{"loc":{"start":{"line":75,"column":4},"end":{"line":83,"column":26}},"type":"binary-expr","locations":[{"start":{"line":75,"column":4},"end":{"line":75,"column":23}},{"start":{"line":77,"column":4},"end":{"line":77,"column":23}},{"start":{"line":79,"column":4},"end":{"line":79,"column":23}},{"start":{"line":81,"column":4},"end":{"line":81,"column":26}},{"start":{"line":83,"column":4},"end":{"line":83,"column":26}}],"line":75}},"s":{"0":15,"1":15,"2":15,"3":15,"4":15,"5":17,"6":25,"7":25,"8":25,"9":5,"10":17,"11":17,"12":15,"13":7,"14":6,"15":6,"16":0,"17":6,"18":1,"19":5,"20":20,"21":35},"f":{"0":17,"1":25,"2":5,"3":17,"4":7,"5":6,"6":20,"7":35},"b":{"0":[0,15],"1":[0,17],"2":[1,5],"3":[6,5],"4":[35,31,27,23,15]},"_coverageSchema":"1a1c01bbd47fc00a2c39e90264f33305004495a9","hash":"236ab132c0d01b5b04dab1370908dc54191433e8"}
,"/Users/danielferrari/Projects/testing-javascript-course/Section 07/testing-node-apps/src/utils/error-middleware.js": {"path":"/Users/danielferrari/Projects/testing-javascript-course/Section 07/testing-node-apps/src/utils/error-middleware.js","statementMap":{"0":{"start":{"line":4,"column":2},"end":{"line":16,"column":3}},"1":{"start":{"line":5,"column":4},"end":{"line":5,"column":15}},"2":{"start":{"line":6,"column":9},"end":{"line":16,"column":3}},"3":{"start":{"line":7,"column":4},"end":{"line":7,"column":19}},"4":{"start":{"line":8,"column":4},"end":{"line":8,"column":56}},"5":{"start":{"line":10,"column":4},"end":{"line":10,"column":19}},"6":{"start":{"line":11,"column":4},"end":{"line":15,"column":6}}},"fnMap":{"0":{"name":"errorMiddleware","decl":{"start":{"line":3,"column":9},"end":{"line":3,"column":24}},"loc":{"start":{"line":3,"column":48},"end":{"line":17,"column":1}},"line":3}},"branchMap":{"0":{"loc":{"start":{"line":4,"column":2},"end":{"line":16,"column":3}},"type":"if","locations":[{"start":{"line":4,"column":2},"end":{"line":16,"column":3}},{"start":{"line":4,"column":2},"end":{"line":16,"column":3}}],"line":4},"1":{"loc":{"start":{"line":6,"column":9},"end":{"line":16,"column":3}},"type":"if","locations":[{"start":{"line":6,"column":9},"end":{"line":16,"column":3}},{"start":{"line":6,"column":9},"end":{"line":16,"column":3}}],"line":6},"2":{"loc":{"start":{"line":14,"column":10},"end":{"line":14,"column":77}},"type":"cond-expr","locations":[{"start":{"line":14,"column":50},"end":{"line":14,"column":54}},{"start":{"line":14,"column":57},"end":{"line":14,"column":77}}],"line":14}},"s":{"0":10,"1":3,"2":7,"3":4,"4":4,"5":3,"6":3},"f":{"0":10},"b":{"0":[3,7],"1":[4,3],"2":[0,3]},"_coverageSchema":"1a1c01bbd47fc00a2c39e90264f33305004495a9","hash":"1420a6d9e016770ae665f8bc881661791dc89011"}
}
