TN:
SF:src/index.js
FNF:0
FNH:0
DA:4,0
DA:5,0
DA:7,0
DA:9,0
LF:4
LH:0
BRDA:5,0,0,0
BRDA:5,0,1,0
BRDA:5,1,0,0
BRDA:5,1,1,0
BRF:4
BRH:0
end_of_record
TN:
SF:src/start.js
FN:11,startServer
FN:22,(anonymous_1)
FN:23,(anonymous_2)
FN:26,(anonymous_3)
FN:27,(anonymous_4)
FNF:5
FNH:5
FNDA:7,startServer
FNDA:7,(anonymous_1)
FNDA:7,(anonymous_2)
FNDA:7,(anonymous_3)
FNDA:7,(anonymous_4)
DA:12,7
DA:13,7
DA:14,7
DA:15,7
DA:16,7
DA:18,7
DA:19,7
DA:20,7
DA:22,7
DA:23,7
DA:24,7
DA:25,7
DA:26,7
DA:27,7
DA:28,7
DA:31,7
LF:16
LH:16
BRDA:11,0,0,5
BRDA:11,1,0,5
BRF:2
BRH:2
end_of_record
TN:
SF:src/db/books.js
FN:5,query
FN:9,readById
FN:13,readManyById
FN:14,(anonymous_3)
FN:17,insertMany
FN:21,insert
FN:25,drop
FNF:7
FNH:3
FNDA:0,query
FNDA:6,readById
FNDA:0,readManyById
FNDA:0,(anonymous_3)
FNDA:0,insertMany
FNDA:2,insert
FNDA:15,drop
DA:3,10
DA:6,0
DA:10,6
DA:14,0
DA:18,0
DA:22,2
DA:26,15
LF:7
LH:4
BRF:0
BRH:0
end_of_record
TN:
SF:src/db/list-items.js
FN:6,query
FN:10,create
FN:31,readById
FN:35,update
FN:48,remove
FN:49,(anonymous_5)
FN:52,insertMany
FN:56,drop
FNF:8
FNH:7
FNDA:2,query
FNDA:2,create
FNDA:10,readById
FNDA:2,update
FNDA:2,remove
FNDA:2,(anonymous_5)
FNDA:0,insertMany
FNDA:15,drop
DA:4,10
DA:7,2
DA:11,2
DA:12,2
DA:13,0
DA:15,2
DA:16,0
DA:19,2
DA:27,2
DA:28,2
DA:32,10
DA:36,2
DA:37,2
DA:38,0
DA:40,2
DA:44,2
DA:45,2
DA:49,2
DA:53,0
DA:57,15
LF:20
LH:16
BRDA:12,0,0,0
BRDA:12,0,1,2
BRDA:15,1,0,0
BRDA:15,1,1,2
BRDA:37,2,0,0
BRDA:37,2,1,2
BRF:6
BRH:3
end_of_record
TN:
SF:src/db/users.js
FN:6,query
FN:10,readById
FN:14,readByUsername
FN:18,insertMany
FN:22,insert
FN:28,drop
FNF:6
FNH:4
FNDA:13,query
FNDA:0,readById
FNDA:13,readByUsername
FNDA:0,insertMany
FNDA:9,insert
FNDA:15,drop
DA:4,15
DA:7,13
DA:11,0
DA:15,13
DA:19,0
DA:23,9
DA:24,9
DA:25,9
DA:29,15
LF:9
LH:7
BRF:0
BRH:0
end_of_record
TN:
SF:src/db/utils.js
FN:3,(anonymous_0)
FNF:1
FNH:1
FNDA:11,(anonymous_0)
DA:3,16
LF:1
LH:1
BRF:0
BRH:0
end_of_record
TN:
SF:src/routes/auth-controller.js
FN:10,(anonymous_0)
FN:15,register
FN:38,login
FN:56,authenticate
FN:57,(anonymous_4)
FN:58,(anonymous_5)
FN:68,me
FNF:7
FNH:7
FNDA:15,(anonymous_0)
FNDA:9,register
FNDA:8,login
FNDA:6,authenticate
FNDA:6,(anonymous_4)
FNDA:6,(anonymous_5)
FNDA:5,me
DA:10,15
DA:16,9
DA:17,9
DA:18,1
DA:21,8
DA:22,1
DA:24,7
DA:25,0
DA:27,7
DA:28,7
DA:29,2
DA:31,5
DA:35,5
DA:39,8
DA:40,1
DA:43,7
DA:44,1
DA:47,6
DA:49,6
DA:50,5
DA:52,1
DA:57,6
DA:58,6
DA:59,6
DA:60,0
DA:62,6
DA:69,5
DA:70,5
DA:72,0
LF:29
LH:26
BRDA:17,0,0,1
BRDA:17,0,1,8
BRDA:21,1,0,1
BRDA:21,1,1,7
BRDA:24,2,0,0
BRDA:24,2,1,7
BRDA:28,3,0,2
BRDA:28,3,1,5
BRDA:39,4,0,1
BRDA:39,4,1,7
BRDA:43,5,0,1
BRDA:43,5,1,6
BRDA:49,6,0,5
BRDA:49,6,1,1
BRDA:59,7,0,0
BRDA:59,7,1,6
BRDA:69,8,0,5
BRDA:69,8,1,0
BRF:18
BRH:15
end_of_record
TN:
SF:src/routes/auth.js
FN:5,getAuthRoutes
FNF:1
FNH:1
FNDA:7,getAuthRoutes
DA:6,7
DA:8,7
DA:9,7
DA:10,7
DA:12,7
LF:5
LH:5
BRF:0
BRH:0
end_of_record
TN:
SF:src/routes/index.js
FN:5,getRouter
FNF:1
FNH:1
FNDA:7,getRouter
DA:6,7
DA:7,7
DA:8,7
DA:9,7
LF:4
LH:4
BRF:0
BRH:0
end_of_record
TN:
SF:src/routes/list-items-controller.js
FN:4,setListItem
FN:23,getListItems
FN:28,getListItem
FN:32,createListItem
FN:53,updateListItem
FN:58,deleteListItem
FN:63,expandBookData
FN:68,expandBookDataMultiple
FN:69,(anonymous_8)
FN:70,(anonymous_9)
FN:72,(anonymous_10)
FNF:11
FNH:11
FNDA:11,setListItem
FNDA:1,getListItems
FNDA:5,getListItem
FNDA:6,createListItem
FNDA:3,updateListItem
FNDA:3,deleteListItem
FNDA:11,expandBookData
FNDA:1,expandBookDataMultiple
FNDA:2,(anonymous_8)
FNDA:2,(anonymous_9)
FNDA:3,(anonymous_10)
DA:5,11
DA:6,11
DA:7,11
DA:8,3
DA:11,3
DA:13,8
DA:14,7
DA:15,7
DA:17,1
DA:24,1
DA:25,1
DA:29,5
DA:35,6
DA:36,6
DA:37,6
DA:38,2
DA:39,2
DA:41,4
DA:42,4
DA:43,1
DA:46,1
DA:49,3
DA:50,3
DA:54,3
DA:55,3
DA:59,3
DA:60,3
DA:64,11
DA:65,11
DA:69,2
DA:70,2
DA:72,3
LF:32
LH:32
BRDA:7,0,0,3
BRDA:7,0,1,8
BRDA:13,1,0,7
BRDA:13,1,1,1
BRDA:37,2,0,2
BRDA:37,2,1,4
BRDA:42,3,0,1
BRDA:42,3,1,3
BRF:8
BRH:8
end_of_record
TN:
SF:src/routes/list-items.js
FN:5,getListItemsRoutes
FNF:1
FNH:1
FNDA:7,getListItemsRoutes
DA:6,7
DA:8,7
DA:10,7
DA:17,7
DA:19,7
DA:26,7
DA:33,7
LF:7
LH:7
BRF:0
BRH:0
end_of_record
TN:
SF:src/utils/auth.js
FN:19,(anonymous_0)
FN:22,getSaltAndHash
FN:30,isPasswordValid
FN:37,getUserToken
FN:52,getLocalStrategy
FN:53,(anonymous_5)
FN:69,userToJSON
FN:73,isPasswordAllowed
FNF:8
FNH:8
FNDA:17,(anonymous_0)
FNDA:25,getSaltAndHash
FNDA:5,isPasswordValid
FNDA:17,getUserToken
FNDA:7,getLocalStrategy
FNDA:6,(anonymous_5)
FNDA:20,userToJSON
FNDA:35,isPasswordAllowed
DA:9,15
DA:12,15
DA:15,15
DA:18,15
DA:19,15
DA:20,17
DA:23,25
DA:24,25
DA:27,25
DA:31,5
DA:38,17
DA:39,17
DA:50,15
DA:53,7
DA:55,6
DA:56,6
DA:58,0
DA:60,6
DA:61,1
DA:65,5
DA:70,20
DA:74,35
LF:22
LH:21
BRDA:12,0,0,0
BRDA:12,0,1,15
BRDA:20,1,0,0
BRDA:20,1,1,17
BRDA:60,2,0,1
BRDA:60,2,1,5
BRDA:60,3,0,6
BRDA:60,3,1,5
BRDA:75,4,0,35
BRDA:75,4,1,31
BRDA:75,4,2,27
BRDA:75,4,3,23
BRDA:75,4,4,15
BRF:13
BRH:11
end_of_record
TN:
SF:src/utils/error-middleware.js
FN:3,errorMiddleware
FNF:1
FNH:1
FNDA:10,errorMiddleware
DA:4,10
DA:5,3
DA:6,7
DA:7,4
DA:8,4
DA:10,3
DA:11,3
LF:7
LH:7
BRDA:4,0,0,3
BRDA:4,0,1,7
BRDA:6,1,0,4
BRDA:6,1,1,3
BRDA:14,2,0,0
BRDA:14,2,1,3
BRF:6
BRH:5
end_of_record
